{"/home/elisa/ssgs-calc/calculator.js": {"path":"/home/elisa/ssgs-calc/calculator.js","statementMap":{"0":{"start":{"line":2,"column":4},"end":{"line":2,"column":100}},"1":{"start":{"line":2,"column":30},"end":{"line":2,"column":100}},"2":{"start":{"line":3,"column":4},"end":{"line":3,"column":11}},"3":{"start":{"line":7,"column":4},"end":{"line":7,"column":21}},"4":{"start":{"line":8,"column":4},"end":{"line":8,"column":17}},"5":{"start":{"line":12,"column":4},"end":{"line":12,"column":21}},"6":{"start":{"line":13,"column":4},"end":{"line":13,"column":17}},"7":{"start":{"line":17,"column":4},"end":{"line":17,"column":21}},"8":{"start":{"line":18,"column":4},"end":{"line":18,"column":17}},"9":{"start":{"line":22,"column":4},"end":{"line":22,"column":58}},"10":{"start":{"line":22,"column":17},"end":{"line":22,"column":58}},"11":{"start":{"line":23,"column":4},"end":{"line":23,"column":21}},"12":{"start":{"line":24,"column":4},"end":{"line":24,"column":17}},"13":{"start":{"line":28,"column":4},"end":{"line":28,"column":21}},"14":{"start":{"line":29,"column":4},"end":{"line":29,"column":26}},"15":{"start":{"line":32,"column":0},"end":{"line":32,"column":71}}},"fnMap":{"0":{"name":"numControl","decl":{"start":{"line":1,"column":9},"end":{"line":1,"column":19}},"loc":{"start":{"line":1,"column":24},"end":{"line":4,"column":1}},"line":1},"1":{"name":"sum","decl":{"start":{"line":6,"column":9},"end":{"line":6,"column":12}},"loc":{"start":{"line":6,"column":19},"end":{"line":9,"column":1}},"line":6},"2":{"name":"subtraction","decl":{"start":{"line":11,"column":9},"end":{"line":11,"column":20}},"loc":{"start":{"line":11,"column":27},"end":{"line":14,"column":1}},"line":11},"3":{"name":"multiplication","decl":{"start":{"line":16,"column":9},"end":{"line":16,"column":23}},"loc":{"start":{"line":16,"column":30},"end":{"line":19,"column":1}},"line":16},"4":{"name":"division","decl":{"start":{"line":21,"column":9},"end":{"line":21,"column":17}},"loc":{"start":{"line":21,"column":24},"end":{"line":25,"column":1}},"line":21},"5":{"name":"power","decl":{"start":{"line":27,"column":9},"end":{"line":27,"column":14}},"loc":{"start":{"line":27,"column":21},"end":{"line":30,"column":1}},"line":27}},"branchMap":{"0":{"loc":{"start":{"line":2,"column":4},"end":{"line":2,"column":100}},"type":"if","locations":[{"start":{"line":2,"column":4},"end":{"line":2,"column":100}},{"start":{},"end":{}}],"line":2},"1":{"loc":{"start":{"line":2,"column":8},"end":{"line":2,"column":28}},"type":"binary-expr","locations":[{"start":{"line":2,"column":8},"end":{"line":2,"column":16}},{"start":{"line":2,"column":20},"end":{"line":2,"column":28}}],"line":2},"2":{"loc":{"start":{"line":22,"column":4},"end":{"line":22,"column":58}},"type":"if","locations":[{"start":{"line":22,"column":4},"end":{"line":22,"column":58}},{"start":{},"end":{}}],"line":22}},"s":{"0":16,"1":5,"2":11,"3":2,"4":1,"5":3,"6":2,"7":4,"8":3,"9":4,"10":1,"11":3,"12":2,"13":4,"14":3,"15":1},"f":{"0":16,"1":2,"2":3,"3":4,"4":4,"5":4},"b":{"0":[5,11],"1":[16,16],"2":[1,3]},"_coverageSchema":"1a1c01bbd47fc00a2c39e90264f33305004495a9","hash":"df1236b9c4f8de864a0e1c8c8af717dfb473e0f3"}
}
