{"/home/elisa/ssgs-calc/calcolatrice.js": {"path":"/home/elisa/ssgs-calc/calcolatrice.js","statementMap":{"0":{"start":{"line":2,"column":4},"end":{"line":2,"column":103}},"1":{"start":{"line":2,"column":30},"end":{"line":2,"column":103}},"2":{"start":{"line":3,"column":4},"end":{"line":3,"column":11}},"3":{"start":{"line":7,"column":4},"end":{"line":7,"column":20}},"4":{"start":{"line":8,"column":4},"end":{"line":8,"column":17}},"5":{"start":{"line":12,"column":4},"end":{"line":12,"column":20}},"6":{"start":{"line":13,"column":4},"end":{"line":13,"column":15}},"7":{"start":{"line":17,"column":4},"end":{"line":17,"column":20}},"8":{"start":{"line":18,"column":4},"end":{"line":18,"column":15}},"9":{"start":{"line":22,"column":4},"end":{"line":22,"column":66}},"10":{"start":{"line":22,"column":17},"end":{"line":22,"column":66}},"11":{"start":{"line":23,"column":4},"end":{"line":23,"column":20}},"12":{"start":{"line":24,"column":4},"end":{"line":24,"column":17}},"13":{"start":{"line":28,"column":4},"end":{"line":28,"column":20}},"14":{"start":{"line":29,"column":4},"end":{"line":29,"column":25}},"15":{"start":{"line":32,"column":0},"end":{"line":32,"column":76}}},"fnMap":{"0":{"name":"numControl","decl":{"start":{"line":1,"column":9},"end":{"line":1,"column":19}},"loc":{"start":{"line":1,"column":24},"end":{"line":4,"column":1}},"line":1},"1":{"name":"somma","decl":{"start":{"line":6,"column":9},"end":{"line":6,"column":14}},"loc":{"start":{"line":6,"column":21},"end":{"line":9,"column":3}},"line":6},"2":{"name":"sottrazione","decl":{"start":{"line":11,"column":11},"end":{"line":11,"column":22}},"loc":{"start":{"line":11,"column":27},"end":{"line":14,"column":3}},"line":11},"3":{"name":"moltiplicazione","decl":{"start":{"line":16,"column":11},"end":{"line":16,"column":26}},"loc":{"start":{"line":16,"column":31},"end":{"line":19,"column":3}},"line":16},"4":{"name":"divisione","decl":{"start":{"line":21,"column":11},"end":{"line":21,"column":20}},"loc":{"start":{"line":21,"column":27},"end":{"line":25,"column":1}},"line":21},"5":{"name":"potenza","decl":{"start":{"line":27,"column":11},"end":{"line":27,"column":18}},"loc":{"start":{"line":27,"column":23},"end":{"line":30,"column":1}},"line":27}},"branchMap":{"0":{"loc":{"start":{"line":2,"column":4},"end":{"line":2,"column":103}},"type":"if","locations":[{"start":{"line":2,"column":4},"end":{"line":2,"column":103}},{"start":{},"end":{}}],"line":2},"1":{"loc":{"start":{"line":2,"column":8},"end":{"line":2,"column":28}},"type":"binary-expr","locations":[{"start":{"line":2,"column":8},"end":{"line":2,"column":16}},{"start":{"line":2,"column":20},"end":{"line":2,"column":28}}],"line":2},"2":{"loc":{"start":{"line":22,"column":4},"end":{"line":22,"column":66}},"type":"if","locations":[{"start":{"line":22,"column":4},"end":{"line":22,"column":66}},{"start":{},"end":{}}],"line":22}},"s":{"0":16,"1":5,"2":11,"3":2,"4":1,"5":3,"6":2,"7":4,"8":3,"9":4,"10":1,"11":3,"12":2,"13":4,"14":3,"15":1},"f":{"0":16,"1":2,"2":3,"3":4,"4":4,"5":4},"b":{"0":[5,11],"1":[16,16],"2":[1,3]},"_coverageSchema":"1a1c01bbd47fc00a2c39e90264f33305004495a9","hash":"73a115497debdbdf65549c180bc70d8fde832ee4"}
}
